0 info it worked if it ends with ok
1 verbose cli [ '/usr/bin/node',
1 verbose cli   '/usr/bin/npm',
1 verbose cli   'install',
1 verbose cli   '-g',
1 verbose cli   'sublimelinter' ]
2 info using npm@1.3.21
3 info using node@v0.10.24
4 verbose node symlink /usr/bin/node
5 verbose cache add [ 'sublimelinter', null ]
6 verbose cache add name=undefined spec="sublimelinter" args=["sublimelinter",null]
7 verbose parsed url { protocol: null,
7 verbose parsed url   slashes: null,
7 verbose parsed url   auth: null,
7 verbose parsed url   host: null,
7 verbose parsed url   port: null,
7 verbose parsed url   hostname: null,
7 verbose parsed url   hash: null,
7 verbose parsed url   search: null,
7 verbose parsed url   query: null,
7 verbose parsed url   pathname: 'sublimelinter',
7 verbose parsed url   path: 'sublimelinter',
7 verbose parsed url   href: 'sublimelinter' }
8 silly lockFile 34e17109-sublimelinter sublimelinter
9 verbose lock sublimelinter /home/viktorino/.npm/34e17109-sublimelinter.lock
10 silly lockFile 34e17109-sublimelinter sublimelinter
11 silly lockFile 34e17109-sublimelinter sublimelinter
12 verbose addNamed [ 'sublimelinter', '' ]
13 verbose addNamed [ null, '*' ]
14 silly lockFile 85c73dbc-sublimelinter sublimelinter@
15 verbose lock sublimelinter@ /home/viktorino/.npm/85c73dbc-sublimelinter.lock
16 silly addNameRange { name: 'sublimelinter', range: '*', hasData: false }
17 verbose url raw sublimelinter
18 verbose url resolving [ 'https://registry.npmjs.org/', './sublimelinter' ]
19 verbose url resolved https://registry.npmjs.org/sublimelinter
20 info trying registry request attempt 1 at 21:07:31
21 http GET https://registry.npmjs.org/sublimelinter
22 http 404 https://registry.npmjs.org/sublimelinter
23 silly registry.get cb [ 404,
23 silly registry.get   { date: 'Mon, 13 Jan 2014 19:07:32 GMT',
23 silly registry.get     server: 'CouchDB/1.5.0 (Erlang OTP/R15B03)',
23 silly registry.get     'content-type': 'application/json',
23 silly registry.get     'cache-control': 'max-age=0',
23 silly registry.get     'content-length': '52',
23 silly registry.get     'accept-ranges': 'bytes',
23 silly registry.get     via: '1.1 varnish',
23 silly registry.get     age: '0',
23 silly registry.get     'x-served-by': 'cache-fra1233-FRA',
23 silly registry.get     'x-cache': 'MISS',
23 silly registry.get     'x-cache-hits': '0',
23 silly registry.get     'x-timer': 'S1389640052.360632420,VS0,VE399',
23 silly registry.get     'keep-alive': 'timeout=10, max=50',
23 silly registry.get     connection: 'Keep-Alive' } ]
24 silly lockFile 85c73dbc-sublimelinter sublimelinter@
25 silly lockFile 85c73dbc-sublimelinter sublimelinter@
26 error 404 'sublimelinter' is not in the npm registry.
26 error 404 You should bug the author to publish it
26 error 404
26 error 404 Note that you can also install from a
26 error 404 tarball, folder, or http url, or git url.
27 error System Linux 3.11.0-12-generic
28 error command "/usr/bin/node" "/usr/bin/npm" "install" "-g" "sublimelinter"
29 error cwd /var/www/php_lerning
30 error node -v v0.10.24
31 error npm -v 1.3.21
32 error code E404
33 verbose exit [ 1, true ]
